<?xml version="1.0" encoding="UTF-8" ?>
<testsuite tests="35" failures="0" name="praktikum.BurgerTest" time="1.453" errors="0" skipped="0">
  <properties>
    <property name="idea.version" value="2022.2.3"/>
    <property name="java.runtime.name" value="OpenJDK Runtime Environment"/>
    <property name="java.vm.version" value="11.0.17+8-LTS"/>
    <property name="sun.boot.library.path" value="C:\Program Files\Amazon Corretto\jdk11.0.17_8\bin"/>
    <property name="maven.multiModuleProjectDirectory" value="C:\myJavaProjects\Diplom\Diplom_1"/>
    <property name="java.vm.vendor" value="Amazon.com Inc."/>
    <property name="java.vendor.url" value="https://aws.amazon.com/corretto/"/>
    <property name="guice.disable.misplaced.annotation.check" value="true"/>
    <property name="path.separator" value=";"/>
    <property name="java.vm.name" value="OpenJDK 64-Bit Server VM"/>
    <property name="sun.os.patch.level" value=""/>
    <property name="user.script" value=""/>
    <property name="user.country" value="RU"/>
    <property name="sun.java.launcher" value="SUN_STANDARD"/>
    <property name="java.vm.specification.name" value="Java Virtual Machine Specification"/>
    <property name="user.dir" value="C:\myJavaProjects\Diplom\Diplom_1"/>
    <property name="java.vm.compressedOopsMode" value="32-bit"/>
    <property name="java.runtime.version" value="11.0.17+8-LTS"/>
    <property name="java.awt.graphicsenv" value="sun.awt.Win32GraphicsEnvironment"/>
    <property name="os.arch" value="amd64"/>
    <property name="java.io.tmpdir" value="C:\Users\User\AppData\Local\Temp\"/>
    <property name="line.separator" value="
"/>
    <property name="java.vm.specification.vendor" value="Oracle Corporation"/>
    <property name="user.variant" value=""/>
    <property name="os.name" value="Windows 10"/>
    <property name="maven.ext.class.path" value="C:\Program Files\JetBrains\IntelliJ IDEA Community Edition 2022.2.3\plugins\maven\lib\maven-event-listener.jar"/>
    <property name="classworlds.conf" value="C:\Program Files\JetBrains\IntelliJ IDEA Community Edition 2022.2.3\plugins\maven\lib\maven3\bin\m2.conf"/>
    <property name="sun.jnu.encoding" value="Cp1251"/>
    <property name="java.library.path" value="C:\Program Files\Amazon Corretto\jdk11.0.17_8\bin;C:\Windows\Sun\Java\bin;C:\Windows\system32;C:\Windows;C:\apache-maven-3.8.6-bin\apache-maven-3.8.6\bin;C:\Program Files\Git\cmd;C:\Program Files\Git\mingw64\bin;C:\Program Files\Git\usr\bin;C:\WebDriver\BIN;C:\allure-commandline-2.20.1\bin;;C:\Program Files\Docker\Docker\resources\bin;C:\Program Files\Amazon Corretto\jdk11.0.17_8\bin;."/>
    <property name="maven.conf" value="C:\Program Files\JetBrains\IntelliJ IDEA Community Edition 2022.2.3\plugins\maven\lib\maven3/conf"/>
    <property name="jdk.debug" value="release"/>
    <property name="java.class.version" value="55.0"/>
    <property name="java.specification.name" value="Java Platform API Specification"/>
    <property name="sun.management.compiler" value="HotSpot 64-Bit Tiered Compilers"/>
    <property name="os.version" value="10.0"/>
    <property name="user.home" value="C:\Users\User"/>
    <property name="user.timezone" value="Asia/Yekaterinburg"/>
    <property name="java.awt.printerjob" value="sun.awt.windows.WPrinterJob"/>
    <property name="file.encoding" value="UTF-8"/>
    <property name="java.specification.version" value="11"/>
    <property name="user.name" value="User"/>
    <property name="java.class.path" value="C:\Program Files\JetBrains\IntelliJ IDEA Community Edition 2022.2.3\plugins\maven\lib\maven3\boot\plexus-classworlds-2.6.0.jar;C:\Program Files\JetBrains\IntelliJ IDEA Community Edition 2022.2.3\plugins\maven\lib\maven3\boot\plexus-classworlds.license"/>
    <property name="java.vm.specification.version" value="11"/>
    <property name="sun.arch.data.model" value="64"/>
    <property name="sun.java.command" value="org.codehaus.classworlds.Launcher -Didea.version=2022.2.3 verify"/>
    <property name="java.home" value="C:\Program Files\Amazon Corretto\jdk11.0.17_8"/>
    <property name="user.language" value="ru"/>
    <property name="java.specification.vendor" value="Oracle Corporation"/>
    <property name="awt.toolkit" value="sun.awt.windows.WToolkit"/>
    <property name="java.vm.info" value="mixed mode"/>
    <property name="java.version" value="11.0.17"/>
    <property name="java.vendor" value="Amazon.com Inc."/>
    <property name="maven.home" value="C:\Program Files\JetBrains\IntelliJ IDEA Community Edition 2022.2.3\plugins\maven\lib\maven3"/>
    <property name="file.separator" value="\"/>
    <property name="java.version.date" value="2022-10-18"/>
    <property name="java.vendor.url.bug" value="https://github.com/corretto/corretto-11/issues/"/>
    <property name="sun.io.unicode.encoding" value="UnicodeLittle"/>
    <property name="sun.cpu.endian" value="little"/>
    <property name="java.vendor.version" value="Corretto-11.0.17.8.1"/>
    <property name="sun.desktop" value="windows"/>
    <property name="sun.cpu.isalist" value="amd64"/>
  </properties>
  <testcase classname="praktikum.BurgerTest" name="removeNotSingleIngredientSuccessfully[0]" time="1.351"/>
  <testcase classname="praktikum.BurgerTest" name="setBunsSuccessfully[0]" time="0"/>
  <testcase classname="praktikum.BurgerTest" name="getReceiptShouldPrintCorrectInfo[0]" time="0.05"/>
  <testcase classname="praktikum.BurgerTest" name="addIngredientSuccessfully[0]" time="0.003"/>
  <testcase classname="praktikum.BurgerTest" name="moveIngredientSuccessfully[0]" time="0"/>
  <testcase classname="praktikum.BurgerTest" name="getPriceCorrect[0]" time="0.003"/>
  <testcase classname="praktikum.BurgerTest" name="removeSingleIngredientSuccessfully[0]" time="0.001"/>
  <testcase classname="praktikum.BurgerTest" name="removeNotSingleIngredientSuccessfully[1]" time="0.001"/>
  <testcase classname="praktikum.BurgerTest" name="setBunsSuccessfully[1]" time="0.001"/>
  <testcase classname="praktikum.BurgerTest" name="getReceiptShouldPrintCorrectInfo[1]" time="0.008"/>
  <testcase classname="praktikum.BurgerTest" name="addIngredientSuccessfully[1]" time="0"/>
  <testcase classname="praktikum.BurgerTest" name="moveIngredientSuccessfully[1]" time="0"/>
  <testcase classname="praktikum.BurgerTest" name="getPriceCorrect[1]" time="0.004"/>
  <testcase classname="praktikum.BurgerTest" name="removeSingleIngredientSuccessfully[1]" time="0"/>
  <testcase classname="praktikum.BurgerTest" name="removeNotSingleIngredientSuccessfully[2]" time="0"/>
  <testcase classname="praktikum.BurgerTest" name="setBunsSuccessfully[2]" time="0.002"/>
  <testcase classname="praktikum.BurgerTest" name="getReceiptShouldPrintCorrectInfo[2]" time="0.004"/>
  <testcase classname="praktikum.BurgerTest" name="addIngredientSuccessfully[2]" time="0.001"/>
  <testcase classname="praktikum.BurgerTest" name="moveIngredientSuccessfully[2]" time="0"/>
  <testcase classname="praktikum.BurgerTest" name="getPriceCorrect[2]" time="0.002"/>
  <testcase classname="praktikum.BurgerTest" name="removeSingleIngredientSuccessfully[2]" time="0.001"/>
  <testcase classname="praktikum.BurgerTest" name="removeNotSingleIngredientSuccessfully[3]" time="0.001"/>
  <testcase classname="praktikum.BurgerTest" name="setBunsSuccessfully[3]" time="0"/>
  <testcase classname="praktikum.BurgerTest" name="getReceiptShouldPrintCorrectInfo[3]" time="0.003"/>
  <testcase classname="praktikum.BurgerTest" name="addIngredientSuccessfully[3]" time="0.001"/>
  <testcase classname="praktikum.BurgerTest" name="moveIngredientSuccessfully[3]" time="0.001"/>
  <testcase classname="praktikum.BurgerTest" name="getPriceCorrect[3]" time="0.001"/>
  <testcase classname="praktikum.BurgerTest" name="removeSingleIngredientSuccessfully[3]" time="0.001"/>
  <testcase classname="praktikum.BurgerTest" name="removeNotSingleIngredientSuccessfully[4]" time="0.001"/>
  <testcase classname="praktikum.BurgerTest" name="setBunsSuccessfully[4]" time="0.001"/>
  <testcase classname="praktikum.BurgerTest" name="getReceiptShouldPrintCorrectInfo[4]" time="0.004"/>
  <testcase classname="praktikum.BurgerTest" name="addIngredientSuccessfully[4]" time="0.001"/>
  <testcase classname="praktikum.BurgerTest" name="moveIngredientSuccessfully[4]" time="0"/>
  <testcase classname="praktikum.BurgerTest" name="getPriceCorrect[4]" time="0.002"/>
  <testcase classname="praktikum.BurgerTest" name="removeSingleIngredientSuccessfully[4]" time="0.004"/>
</testsuite>